0 info it worked if it ends with ok
1 verbose cli [ '/usr/local/bin/node',
1 verbose cli   '/usr/local/bin/npm',
1 verbose cli   'install',
1 verbose cli   'typings',
1 verbose cli   '--global' ]
2 info using npm@2.15.8
3 info using node@v4.4.7
4 verbose install initial load of /usr/local/lib/package.json
5 verbose readDependencies loading dependencies from /usr/local/lib/package.json
6 silly cache add args [ 'typings', null ]
7 verbose cache add spec typings
8 silly cache add parsed spec Result {
8 silly cache add   raw: 'typings',
8 silly cache add   scope: null,
8 silly cache add   name: 'typings',
8 silly cache add   rawSpec: '',
8 silly cache add   spec: 'latest',
8 silly cache add   type: 'tag' }
9 silly addNamed typings@latest
10 verbose addNamed "latest" is being treated as a dist-tag for typings
11 info addNameTag [ 'typings', 'latest' ]
12 silly mapToRegistry name typings
13 silly mapToRegistry using default registry
14 silly mapToRegistry registry https://registry.npmjs.org/
15 silly mapToRegistry data Result {
15 silly mapToRegistry   raw: 'typings',
15 silly mapToRegistry   scope: null,
15 silly mapToRegistry   name: 'typings',
15 silly mapToRegistry   rawSpec: '',
15 silly mapToRegistry   spec: 'latest',
15 silly mapToRegistry   type: 'tag' }
16 silly mapToRegistry uri https://registry.npmjs.org/typings
17 verbose addNameTag registry:https://registry.npmjs.org/typings not in flight; fetching
18 verbose request uri https://registry.npmjs.org/typings
19 verbose request no auth needed
20 info attempt registry request try #1 at 1:05:50 PM
21 verbose request id 40f5e04053ed34db
22 verbose etag "EJ91M4CTJARJYVQMEP8V38RL5"
23 http request GET https://registry.npmjs.org/typings
24 http 304 https://registry.npmjs.org/typings
25 verbose headers { date: 'Thu, 18 Aug 2016 19:05:50 GMT',
25 verbose headers   via: '1.1 varnish',
25 verbose headers   'cache-control': 'max-age=300',
25 verbose headers   etag: '"EJ91M4CTJARJYVQMEP8V38RL5"',
25 verbose headers   age: '296',
25 verbose headers   connection: 'keep-alive',
25 verbose headers   'x-served-by': 'cache-sea1926-SEA',
25 verbose headers   'x-cache': 'HIT',
25 verbose headers   'x-cache-hits': '21',
25 verbose headers   'x-timer': 'S1471547150.494761,VS0,VE0',
25 verbose headers   vary: 'Accept-Encoding' }
26 silly get cb [ 304,
26 silly get   { date: 'Thu, 18 Aug 2016 19:05:50 GMT',
26 silly get     via: '1.1 varnish',
26 silly get     'cache-control': 'max-age=300',
26 silly get     etag: '"EJ91M4CTJARJYVQMEP8V38RL5"',
26 silly get     age: '296',
26 silly get     connection: 'keep-alive',
26 silly get     'x-served-by': 'cache-sea1926-SEA',
26 silly get     'x-cache': 'HIT',
26 silly get     'x-cache-hits': '21',
26 silly get     'x-timer': 'S1471547150.494761,VS0,VE0',
26 silly get     vary: 'Accept-Encoding' } ]
27 verbose etag https://registry.npmjs.org/typings from cache
28 verbose get saving typings to /Users/Jordan/.npm/registry.npmjs.org/typings/.cache.json
29 verbose correctMkdir /Users/Jordan/.npm correctMkdir not in flight; initializing
30 silly addNameTag next cb for typings with tag latest
31 silly addNamed typings@1.3.2
32 verbose addNamed "1.3.2" is a plain semver version for typings
33 silly cache afterAdd typings@1.3.2
34 verbose afterAdd /Users/Jordan/.npm/typings/1.3.2/package/package.json not in flight; writing
35 verbose correctMkdir /Users/Jordan/.npm correctMkdir not in flight; initializing
36 verbose afterAdd /Users/Jordan/.npm/typings/1.3.2/package/package.json written
37 silly install resolved [ { name: 'typings',
37 silly install resolved     version: '1.3.2',
37 silly install resolved     description: 'The TypeScript Definition Manager',
37 silly install resolved     main: 'dist/bin.js',
37 silly install resolved     bin: { typings: 'dist/bin.js' },
37 silly install resolved     files: [ 'dist/', 'typings.json' ],
37 silly install resolved     scripts:
37 silly install resolved      { lint: 'tslint \'src/**/*.ts\'',
37 silly install resolved        build: 'rimraf dist/ && tsc',
37 silly install resolved        docs: 'node scripts/docs-commands.js',
37 silly install resolved        'dependency-check': 'dependency-check . --entry dist/bin.js --missing --no-dev && dependency-check . --entry dist/bin.js --unused --no-dev -i bluebird',
37 silly install resolved        test: 'npm run lint && npm run build && npm run dependency-check',
37 silly install resolved        prepublish: 'node -e "require(\'typings-core\').install({ cwd: process.cwd() })" && npm run build' },
37 silly install resolved     repository: { type: 'git', url: 'git://github.com/typings/typings.git' },
37 silly install resolved     keywords:
37 silly install resolved      [ 'typings',
37 silly install resolved        'typescript',
37 silly install resolved        'definition',
37 silly install resolved        'declaration',
37 silly install resolved        'package',
37 silly install resolved        'manager',
37 silly install resolved        'typed' ],
37 silly install resolved     author:
37 silly install resolved      { name: 'Blake Embrey',
37 silly install resolved        email: 'hello@blakeembrey.com',
37 silly install resolved        url: 'http://blakeembrey.me' },
37 silly install resolved     license: 'MIT',
37 silly install resolved     bugs: { url: 'https://github.com/typings/typings/issues' },
37 silly install resolved     homepage: 'https://github.com/typings/typings',
37 silly install resolved     dependencies:
37 silly install resolved      { 'any-promise': '^1.0.0',
37 silly install resolved        archy: '^1.0.0',
37 silly install resolved        bluebird: '^3.1.1',
37 silly install resolved        chalk: '^1.0.0',
37 silly install resolved        columnify: '^1.5.2',
37 silly install resolved        listify: '^1.0.0',
37 silly install resolved        minimist: '^1.2.0',
37 silly install resolved        'typings-core': '^1.4.0',
37 silly install resolved        'update-notifier': '^1.0.0',
37 silly install resolved        wordwrap: '^1.0.0',
37 silly install resolved        xtend: '^4.0.1' },
37 silly install resolved     devDependencies:
37 silly install resolved      { 'dependency-check': '^2.5.1',
37 silly install resolved        nock: '^8.0.0',
37 silly install resolved        rimraf: '^2.5.2',
37 silly install resolved        'ts-node': '^1.0.0',
37 silly install resolved        tslint: '^3.5.0',
37 silly install resolved        'tslint-config-standard': '^1.0.0',
37 silly install resolved        typescript: '^1.8.7' },
37 silly install resolved     gitHead: 'b071cc3fc437205ea4ddb22cf9b96bf011d894e8',
37 silly install resolved     _id: 'typings@1.3.2',
37 silly install resolved     _shasum: '4b29a67eddb5d650f8dc4fba2f3da91336a7be0d',
37 silly install resolved     _from: 'typings@latest',
37 silly install resolved     _npmVersion: '3.9.3',
37 silly install resolved     _nodeVersion: '6.2.1',
37 silly install resolved     _npmUser: { name: 'blakeembrey', email: 'hello@blakeembrey.com' },
37 silly install resolved     dist:
37 silly install resolved      { shasum: '4b29a67eddb5d650f8dc4fba2f3da91336a7be0d',
37 silly install resolved        tarball: 'https://registry.npmjs.org/typings/-/typings-1.3.2.tgz' },
37 silly install resolved     maintainers: [ [Object] ],
37 silly install resolved     _npmOperationalInternal:
37 silly install resolved      { host: 'packages-16-east.internal.npmjs.com',
37 silly install resolved        tmp: 'tmp/typings-1.3.2.tgz_1469062974418_0.22877025161869824' },
37 silly install resolved     directories: {},
37 silly install resolved     _resolved: 'https://registry.npmjs.org/typings/-/typings-1.3.2.tgz',
37 silly install resolved     readme: 'ERROR: No README data found!' } ]
38 info install typings@1.3.2 into /usr/local/lib
39 info installOne typings@1.3.2
40 verbose installOne of typings to /usr/local/lib not in flight; installing
41 verbose correctMkdir /Users/Jordan/.npm/_locks correctMkdir not in flight; initializing
42 verbose lock using /Users/Jordan/.npm/_locks/typings-6b528b66db81f6db.lock for /usr/local/lib/node_modules/typings
43 silly install write writing typings 1.3.2 to /usr/local/lib/node_modules/typings
44 verbose unbuild lib/node_modules/typings
45 info preuninstall typings@1.3.2
46 info uninstall typings@1.3.2
47 verbose unbuild rmStuff typings@1.3.2 from /usr/local/lib/node_modules
48 silly gentlyRm /usr/local/bin/typings is being gently removed
49 silly gentlyRm verifying /usr/local is an npm working directory
50 silly gentlyRm containing path /usr/local is under npm's control, in /usr/local
51 silly gentlyRm deletion target /usr/local/bin/typings is under /usr/local
52 verbose gentlyRm vacuuming from /usr/local/bin/typings up to /usr/local
53 silly vacuum-fs removing /usr/local/bin/typings
54 silly vacuum-fs quitting because other entries in /usr/local/bin
55 info postuninstall typings@1.3.2
56 silly gentlyRm /usr/local/lib/node_modules/typings is being purged from base /usr/local
57 verbose gentlyRm don't care about contents; nuking /usr/local/lib/node_modules/typings
58 silly vacuum-fs purging /usr/local/lib/node_modules/typings
59 verbose unlock done using /Users/Jordan/.npm/_locks/typings-6b528b66db81f6db.lock for /usr/local/lib/node_modules/typings
60 verbose stack Error: EACCES: permission denied, rmdir '/usr/local/lib/node_modules/typings'
60 verbose stack     at Error (native)
61 verbose cwd /Users/Jordan/Code Stuff/ionic2-sidemenu-tabs-master
62 error Darwin 15.6.0
63 error argv "/usr/local/bin/node" "/usr/local/bin/npm" "install" "typings" "--global"
64 error node v4.4.7
65 error npm  v2.15.8
66 error path /usr/local/lib/node_modules/typings
67 error code EACCES
68 error errno -13
69 error syscall rmdir
70 error Error: EACCES: permission denied, rmdir '/usr/local/lib/node_modules/typings'
70 error     at Error (native)
70 error  { [Error: EACCES: permission denied, rmdir '/usr/local/lib/node_modules/typings']
70 error   errno: -13,
70 error   code: 'EACCES',
70 error   syscall: 'rmdir',
70 error   path: '/usr/local/lib/node_modules/typings' }
71 error Please try running this command again as root/Administrator.
72 verbose exit [ -13, true ]
73 verbose unbuild lib/node_modules/typings
74 info preuninstall typings@1.3.2
75 info uninstall typings@1.3.2
76 verbose unbuild rmStuff typings@1.3.2 from /usr/local/lib/node_modules
77 silly gentlyRm /usr/local/bin/typings is being gently removed
78 silly gentlyRm verifying /usr/local is an npm working directory
79 silly gentlyRm containing path /usr/local is under npm's control, in /usr/local
80 silly gentlyRm deletion target /usr/local/bin/typings is under /usr/local
81 verbose gentlyRm vacuuming from /usr/local/bin/typings up to /usr/local
82 info postuninstall typings@1.3.2
83 silly gentlyRm /usr/local/lib/node_modules/typings is being purged from base /usr/local
84 verbose gentlyRm don't care about contents; nuking /usr/local/lib/node_modules/typings
85 silly vacuum-fs purging /usr/local/lib/node_modules/typings
86 error error rolling back Error: EACCES: permission denied, rmdir '/usr/local/lib/node_modules/typings'
86 error error rolling back     at Error (native)
86 error error rolling back  { [Error: EACCES: permission denied, rmdir '/usr/local/lib/node_modules/typings']
86 error error rolling back   errno: -13,
86 error error rolling back   code: 'EACCES',
86 error error rolling back   syscall: 'rmdir',
86 error error rolling back   path: '/usr/local/lib/node_modules/typings' }
